03:33:55 **** Incremental Build of configuration Debug for project Control_ECU ****
make all 
Building file: ../Control_App.c
Invoking: AVR Compiler
avr-gcc -Wall -g2 -gstabs -O0 -fpack-struct -fshort-enums -ffunction-sections -fdata-sections -std=gnu99 -funsigned-char -funsigned-bitfields -mmcu=atmega32 -DF_CPU=1000000UL -MMD -MP -MF"Control_App.d" -MT"Control_App.o" -c -o "Control_App.o" "../Control_App.c"
In file included from ../Control_App.c:3:
c:/winavr-20100110/lib/gcc/../../avr/include/util/delay.h:90:3: warning: #warning "Compiler optimizations disabled; functions from <util/delay.h> won't work as designed"
Finished building: ../Control_App.c
 
Building target: Control_ECU.elf
Invoking: AVR C Linker
avr-gcc -Wl,-Map,Control_ECU.map -mmcu=atmega32 -o "Control_ECU.elf"  ./Control_App.o ./PWM.o ./buzzer.o ./external_eeprom.o ./gpio.o ./lcd.o ./motor.o ./timer.o ./twi.o ./uart.o   
Finished building target: Control_ECU.elf
 
Invoking: AVR Create Extended Listing
avr-objdump -h -S Control_ECU.elf  >"Control_ECU.lss"
Finished building: Control_ECU.lss
 
Create Flash image (ihex format)
avr-objcopy -R .eeprom -R .fuse -R .lock -R .signature -O ihex Control_ECU.elf  "Control_ECU.hex"
Finished building: Control_ECU.hex
 
Invoking: Print Size
avr-size --format=avr --mcu=atmega32 Control_ECU.elf
AVR Memory Usage
----------------
Device: atmega32

Program:   13676 bytes (41.7% Full)
(.text + .data + .bootloader)

Data:        326 bytes (15.9% Full)
(.data + .bss + .noinit)


Finished building: sizedummy
 
03:33:57 **** Incremental Build of configuration Debug for project HMI_ECU ****
make all 
Building file: ../HMI_App.c
Invoking: AVR Compiler
avr-gcc -Wall -g2 -gstabs -O0 -fpack-struct -fshort-enums -ffunction-sections -fdata-sections -std=gnu99 -funsigned-char -funsigned-bitfields -mmcu=atmega32 -DF_CPU=1000000UL -MMD -MP -MF"HMI_App.d" -MT"HMI_App.o" -c -o "HMI_App.o" "../HMI_App.c"
In file included from ../HMI_App.c:3:
c:/winavr-20100110/lib/gcc/../../avr/include/util/delay.h:90:3: warning: #warning "Compiler optimizations disabled; functions from <util/delay.h> won't work as designed"
Finished building: ../HMI_App.c
 
Building target: HMI_ECU.elf
Invoking: AVR C Linker
avr-gcc -Wl,-Map,HMI_ECU.map -mmcu=atmega32 -o "HMI_ECU.elf"  ./HMI_App.o ./gpio.o ./keypad.o ./lcd.o ./timer.o ./uart.o   
Finished building target: HMI_ECU.elf
 
Invoking: AVR Create Extended Listing
avr-objdump -h -S HMI_ECU.elf  >"HMI_ECU.lss"
Finished building: HMI_ECU.lss
 
Create Flash image (ihex format)
avr-objcopy -R .eeprom -R .fuse -R .lock -R .signature -O ihex HMI_ECU.elf  "HMI_ECU.hex"
Finished building: HMI_ECU.hex
 
Invoking: Print Size
avr-size --format=avr --mcu=atmega32 HMI_ECU.elf
AVR Memory Usage
----------------
Device: atmega32

Program:   13766 bytes (42.0% Full)
(.text + .data + .bootloader)

Data:        208 bytes (10.2% Full)
(.data + .bss + .noinit)


Finished building: sizedummy
 
03:37:34 **** Incremental Build of configuration Debug for project Control_ECU ****
make all 
Building file: ../Control_App.c
Invoking: AVR Compiler
avr-gcc -Wall -g2 -gstabs -O0 -fpack-struct -fshort-enums -ffunction-sections -fdata-sections -std=gnu99 -funsigned-char -funsigned-bitfields -mmcu=atmega32 -DF_CPU=1000000UL -MMD -MP -MF"Control_App.d" -MT"Control_App.o" -c -o "Control_App.o" "../Control_App.c"
In file included from ../Control_App.c:3:
c:/winavr-20100110/lib/gcc/../../avr/include/util/delay.h:90:3: warning: #warning "Compiler optimizations disabled; functions from <util/delay.h> won't work as designed"
Finished building: ../Control_App.c
 
Building target: Control_ECU.elf
Invoking: AVR C Linker
avr-gcc -Wl,-Map,Control_ECU.map -mmcu=atmega32 -o "Control_ECU.elf"  ./Control_App.o ./PWM.o ./buzzer.o ./external_eeprom.o ./gpio.o ./lcd.o ./motor.o ./timer.o ./twi.o ./uart.o   
Finished building target: Control_ECU.elf
 
Invoking: AVR Create Extended Listing
avr-objdump -h -S Control_ECU.elf  >"Control_ECU.lss"
Finished building: Control_ECU.lss
 
Create Flash image (ihex format)
avr-objcopy -R .eeprom -R .fuse -R .lock -R .signature -O ihex Control_ECU.elf  "Control_ECU.hex"
Finished building: Control_ECU.hex
 
Invoking: Print Size
avr-size --format=avr --mcu=atmega32 Control_ECU.elf
AVR Memory Usage
----------------
Device: atmega32

Program:   13684 bytes (41.8% Full)
(.text + .data + .bootloader)

Data:        326 bytes (15.9% Full)
(.data + .bss + .noinit)


Finished building: sizedummy
 
03:37:35 **** Incremental Build of configuration Debug for project HMI_ECU ****
make all 
Invoking: Print Size
avr-size --format=avr --mcu=atmega32 HMI_ECU.elf
AVR Memory Usage
----------------
Device: atmega32

Program:   13766 bytes (42.0% Full)
(.text + .data + .bootloader)

Data:        208 bytes (10.2% Full)
(.data + .bss + .noinit)


Finished building: sizedummy
 
03:43:50 **** Incremental Build of configuration Debug for project Control_ECU ****
make all 
Building file: ../Control_App.c
Invoking: AVR Compiler
avr-gcc -Wall -g2 -gstabs -O0 -fpack-struct -fshort-enums -ffunction-sections -fdata-sections -std=gnu99 -funsigned-char -funsigned-bitfields -mmcu=atmega32 -DF_CPU=1000000UL -MMD -MP -MF"Control_App.d" -MT"Control_App.o" -c -o "Control_App.o" "../Control_App.c"
In file included from ../Control_App.c:3:
c:/winavr-20100110/lib/gcc/../../avr/include/util/delay.h:90:3: warning: #warning "Compiler optimizations disabled; functions from <util/delay.h> won't work as designed"
Finished building: ../Control_App.c
 
Building target: Control_ECU.elf
Invoking: AVR C Linker
avr-gcc -Wl,-Map,Control_ECU.map -mmcu=atmega32 -o "Control_ECU.elf"  ./Control_App.o ./PWM.o ./buzzer.o ./external_eeprom.o ./gpio.o ./lcd.o ./motor.o ./timer.o ./twi.o ./uart.o   
Finished building target: Control_ECU.elf
 
Invoking: AVR Create Extended Listing
avr-objdump -h -S Control_ECU.elf  >"Control_ECU.lss"
Finished building: Control_ECU.lss
 
Create Flash image (ihex format)
avr-objcopy -R .eeprom -R .fuse -R .lock -R .signature -O ihex Control_ECU.elf  "Control_ECU.hex"
Finished building: Control_ECU.hex
 
Invoking: Print Size
avr-size --format=avr --mcu=atmega32 Control_ECU.elf
AVR Memory Usage
----------------
Device: atmega32

Program:   13684 bytes (41.8% Full)
(.text + .data + .bootloader)

Data:        326 bytes (15.9% Full)
(.data + .bss + .noinit)


Finished building: sizedummy
 
03:43:51 **** Incremental Build of configuration Debug for project HMI_ECU ****
make all 
Building file: ../HMI_App.c
Invoking: AVR Compiler
avr-gcc -Wall -g2 -gstabs -O0 -fpack-struct -fshort-enums -ffunction-sections -fdata-sections -std=gnu99 -funsigned-char -funsigned-bitfields -mmcu=atmega32 -DF_CPU=1000000UL -MMD -MP -MF"HMI_App.d" -MT"HMI_App.o" -c -o "HMI_App.o" "../HMI_App.c"
In file included from ../HMI_App.c:3:
c:/winavr-20100110/lib/gcc/../../avr/include/util/delay.h:90:3: warning: #warning "Compiler optimizations disabled; functions from <util/delay.h> won't work as designed"
Finished building: ../HMI_App.c
 
Building target: HMI_ECU.elf
Invoking: AVR C Linker
avr-gcc -Wl,-Map,HMI_ECU.map -mmcu=atmega32 -o "HMI_ECU.elf"  ./HMI_App.o ./gpio.o ./keypad.o ./lcd.o ./timer.o ./uart.o   
Finished building target: HMI_ECU.elf
 
Invoking: AVR Create Extended Listing
avr-objdump -h -S HMI_ECU.elf  >"HMI_ECU.lss"
Finished building: HMI_ECU.lss
 
Create Flash image (ihex format)
avr-objcopy -R .eeprom -R .fuse -R .lock -R .signature -O ihex HMI_ECU.elf  "HMI_ECU.hex"
Finished building: HMI_ECU.hex
 
Invoking: Print Size
avr-size --format=avr --mcu=atmega32 HMI_ECU.elf
AVR Memory Usage
----------------
Device: atmega32

Program:   13496 bytes (41.2% Full)
(.text + .data + .bootloader)

Data:        208 bytes (10.2% Full)
(.data + .bss + .noinit)


Finished building: sizedummy
 
03:45:37 **** Incremental Build of configuration Debug for project Control_ECU ****
make all 
Building file: ../Control_App.c
Invoking: AVR Compiler
avr-gcc -Wall -g2 -gstabs -O0 -fpack-struct -fshort-enums -ffunction-sections -fdata-sections -std=gnu99 -funsigned-char -funsigned-bitfields -mmcu=atmega32 -DF_CPU=1000000UL -MMD -MP -MF"Control_App.d" -MT"Control_App.o" -c -o "Control_App.o" "../Control_App.c"
In file included from ../Control_App.c:3:
c:/winavr-20100110/lib/gcc/../../avr/include/util/delay.h:90:3: warning: #warning "Compiler optimizations disabled; functions from <util/delay.h> won't work as designed"
Finished building: ../Control_App.c
 
Building target: Control_ECU.elf
Invoking: AVR C Linker
avr-gcc -Wl,-Map,Control_ECU.map -mmcu=atmega32 -o "Control_ECU.elf"  ./Control_App.o ./PWM.o ./buzzer.o ./external_eeprom.o ./gpio.o ./lcd.o ./motor.o ./timer.o ./twi.o ./uart.o   
Finished building target: Control_ECU.elf
 
Invoking: AVR Create Extended Listing
avr-objdump -h -S Control_ECU.elf  >"Control_ECU.lss"
Finished building: Control_ECU.lss
 
Create Flash image (ihex format)
avr-objcopy -R .eeprom -R .fuse -R .lock -R .signature -O ihex Control_ECU.elf  "Control_ECU.hex"
Finished building: Control_ECU.hex
 
Invoking: Print Size
avr-size --format=avr --mcu=atmega32 Control_ECU.elf
AVR Memory Usage
----------------
Device: atmega32

Program:   13684 bytes (41.8% Full)
(.text + .data + .bootloader)

Data:        326 bytes (15.9% Full)
(.data + .bss + .noinit)


Finished building: sizedummy
 
03:45:38 **** Incremental Build of configuration Debug for project HMI_ECU ****
make all 
Building file: ../HMI_App.c
Invoking: AVR Compiler
avr-gcc -Wall -g2 -gstabs -O0 -fpack-struct -fshort-enums -ffunction-sections -fdata-sections -std=gnu99 -funsigned-char -funsigned-bitfields -mmcu=atmega32 -DF_CPU=1000000UL -MMD -MP -MF"HMI_App.d" -MT"HMI_App.o" -c -o "HMI_App.o" "../HMI_App.c"
In file included from ../HMI_App.c:3:
c:/winavr-20100110/lib/gcc/../../avr/include/util/delay.h:90:3: warning: #warning "Compiler optimizations disabled; functions from <util/delay.h> won't work as designed"
Finished building: ../HMI_App.c
 
Building target: HMI_ECU.elf
Invoking: AVR C Linker
avr-gcc -Wl,-Map,HMI_ECU.map -mmcu=atmega32 -o "HMI_ECU.elf"  ./HMI_App.o ./gpio.o ./keypad.o ./lcd.o ./timer.o ./uart.o   
Finished building target: HMI_ECU.elf
 
Invoking: AVR Create Extended Listing
avr-objdump -h -S HMI_ECU.elf  >"HMI_ECU.lss"
Finished building: HMI_ECU.lss
 
Create Flash image (ihex format)
avr-objcopy -R .eeprom -R .fuse -R .lock -R .signature -O ihex HMI_ECU.elf  "HMI_ECU.hex"
Finished building: HMI_ECU.hex
 
Invoking: Print Size
avr-size --format=avr --mcu=atmega32 HMI_ECU.elf
AVR Memory Usage
----------------
Device: atmega32

Program:   13496 bytes (41.2% Full)
(.text + .data + .bootloader)

Data:        208 bytes (10.2% Full)
(.data + .bss + .noinit)


Finished building: sizedummy
 
03:51:42 **** Incremental Build of configuration Debug for project Control_ECU ****
make all 
Building file: ../Control_App.c
Invoking: AVR Compiler
avr-gcc -Wall -g2 -gstabs -O0 -fpack-struct -fshort-enums -ffunction-sections -fdata-sections -std=gnu99 -funsigned-char -funsigned-bitfields -mmcu=atmega32 -DF_CPU=1000000UL -MMD -MP -MF"Control_App.d" -MT"Control_App.o" -c -o "Control_App.o" "../Control_App.c"
In file included from ../Control_App.c:3:
c:/winavr-20100110/lib/gcc/../../avr/include/util/delay.h:90:3: warning: #warning "Compiler optimizations disabled; functions from <util/delay.h> won't work as designed"
Finished building: ../Control_App.c
 
Building target: Control_ECU.elf
Invoking: AVR C Linker
avr-gcc -Wl,-Map,Control_ECU.map -mmcu=atmega32 -o "Control_ECU.elf"  ./Control_App.o ./PWM.o ./buzzer.o ./external_eeprom.o ./gpio.o ./lcd.o ./motor.o ./timer.o ./twi.o ./uart.o   
Finished building target: Control_ECU.elf
 
Invoking: AVR Create Extended Listing
avr-objdump -h -S Control_ECU.elf  >"Control_ECU.lss"
Finished building: Control_ECU.lss
 
Create Flash image (ihex format)
avr-objcopy -R .eeprom -R .fuse -R .lock -R .signature -O ihex Control_ECU.elf  "Control_ECU.hex"
Finished building: Control_ECU.hex
 
Invoking: Print Size
avr-size --format=avr --mcu=atmega32 Control_ECU.elf
AVR Memory Usage
----------------
Device: atmega32

Program:   13680 bytes (41.7% Full)
(.text + .data + .bootloader)

Data:        326 bytes (15.9% Full)
(.data + .bss + .noinit)


Finished building: sizedummy
 
03:51:43 **** Incremental Build of configuration Debug for project HMI_ECU ****
make all 
Invoking: Print Size
avr-size --format=avr --mcu=atmega32 HMI_ECU.elf
AVR Memory Usage
----------------
Device: atmega32

Program:   13496 bytes (41.2% Full)
(.text + .data + .bootloader)

Data:        208 bytes (10.2% Full)
(.data + .bss + .noinit)


Finished building: sizedummy
 
04:22:11 **** Incremental Build of configuration Debug for project Control_ECU ****
make all 
Building file: ../Control_App.c
Invoking: AVR Compiler
avr-gcc -Wall -g2 -gstabs -O0 -fpack-struct -fshort-enums -ffunction-sections -fdata-sections -std=gnu99 -funsigned-char -funsigned-bitfields -mmcu=atmega32 -DF_CPU=1000000UL -MMD -MP -MF"Control_App.d" -MT"Control_App.o" -c -o "Control_App.o" "../Control_App.c"
In file included from ../Control_App.c:3:
c:/winavr-20100110/lib/gcc/../../avr/include/util/delay.h:90:3: warning: #warning "Compiler optimizations disabled; functions from <util/delay.h> won't work as designed"
Finished building: ../Control_App.c
 
Building file: ../timer.c
Invoking: AVR Compiler
avr-gcc -Wall -g2 -gstabs -O0 -fpack-struct -fshort-enums -ffunction-sections -fdata-sections -std=gnu99 -funsigned-char -funsigned-bitfields -mmcu=atmega32 -DF_CPU=1000000UL -MMD -MP -MF"timer.d" -MT"timer.o" -c -o "timer.o" "../timer.c"
../timer.c: In function 'Timer1_setCallBack':
../timer.c:77: warning: function return types not compatible due to 'volatile'
Finished building: ../timer.c
 
Building target: Control_ECU.elf
Invoking: AVR C Linker
avr-gcc -Wl,-Map,Control_ECU.map -mmcu=atmega32 -o "Control_ECU.elf"  ./Control_App.o ./PWM.o ./buzzer.o ./external_eeprom.o ./gpio.o ./lcd.o ./motor.o ./timer.o ./twi.o ./uart.o   
Finished building target: Control_ECU.elf
 
Invoking: AVR Create Extended Listing
avr-objdump -h -S Control_ECU.elf  >"Control_ECU.lss"
Finished building: Control_ECU.lss
 
Create Flash image (ihex format)
avr-objcopy -R .eeprom -R .fuse -R .lock -R .signature -O ihex Control_ECU.elf  "Control_ECU.hex"
Finished building: Control_ECU.hex
 
Invoking: Print Size
avr-size --format=avr --mcu=atmega32 Control_ECU.elf
AVR Memory Usage
----------------
Device: atmega32

Program:   13680 bytes (41.7% Full)
(.text + .data + .bootloader)

Data:        326 bytes (15.9% Full)
(.data + .bss + .noinit)


Finished building: sizedummy
 
04:22:12 **** Incremental Build of configuration Debug for project HMI_ECU ****
make all 
Building file: ../HMI_App.c
Invoking: AVR Compiler
avr-gcc -Wall -g2 -gstabs -O0 -fpack-struct -fshort-enums -ffunction-sections -fdata-sections -std=gnu99 -funsigned-char -funsigned-bitfields -mmcu=atmega32 -DF_CPU=1000000UL -MMD -MP -MF"HMI_App.d" -MT"HMI_App.o" -c -o "HMI_App.o" "../HMI_App.c"
In file included from ../HMI_App.c:3:
c:/winavr-20100110/lib/gcc/../../avr/include/util/delay.h:90:3: warning: #warning "Compiler optimizations disabled; functions from <util/delay.h> won't work as designed"
Finished building: ../HMI_App.c
 
Building target: HMI_ECU.elf
Invoking: AVR C Linker
avr-gcc -Wl,-Map,HMI_ECU.map -mmcu=atmega32 -o "HMI_ECU.elf"  ./HMI_App.o ./gpio.o ./keypad.o ./lcd.o ./timer.o ./uart.o   
Finished building target: HMI_ECU.elf
 
Invoking: AVR Create Extended Listing
avr-objdump -h -S HMI_ECU.elf  >"HMI_ECU.lss"
Finished building: HMI_ECU.lss
 
Create Flash image (ihex format)
avr-objcopy -R .eeprom -R .fuse -R .lock -R .signature -O ihex HMI_ECU.elf  "HMI_ECU.hex"
Finished building: HMI_ECU.hex
 
Invoking: Print Size
avr-size --format=avr --mcu=atmega32 HMI_ECU.elf
AVR Memory Usage
----------------
Device: atmega32

Program:   13500 bytes (41.2% Full)
(.text + .data + .bootloader)

Data:        208 bytes (10.2% Full)
(.data + .bss + .noinit)


Finished building: sizedummy
 
04:22:15 **** Incremental Build of configuration Debug for project Control_ECU ****
make all 
Invoking: Print Size
avr-size --format=avr --mcu=atmega32 Control_ECU.elf
AVR Memory Usage
----------------
Device: atmega32

Program:   13680 bytes (41.7% Full)
(.text + .data + .bootloader)

Data:        326 bytes (15.9% Full)
(.data + .bss + .noinit)


Finished building: sizedummy
 
04:22:15 **** Incremental Build of configuration Debug for project HMI_ECU ****
make all 
Building file: ../HMI_App.c
Invoking: AVR Compiler
avr-gcc -Wall -g2 -gstabs -O0 -fpack-struct -fshort-enums -ffunction-sections -fdata-sections -std=gnu99 -funsigned-char -funsigned-bitfields -mmcu=atmega32 -DF_CPU=1000000UL -MMD -MP -MF"HMI_App.d" -MT"HMI_App.o" -c -o "HMI_App.o" "../HMI_App.c"
In file included from ../HMI_App.c:3:
c:/winavr-20100110/lib/gcc/../../avr/include/util/delay.h:90:3: warning: #warning "Compiler optimizations disabled; functions from <util/delay.h> won't work as designed"
Finished building: ../HMI_App.c
 
Building target: HMI_ECU.elf
Invoking: AVR C Linker
avr-gcc -Wl,-Map,HMI_ECU.map -mmcu=atmega32 -o "HMI_ECU.elf"  ./HMI_App.o ./gpio.o ./keypad.o ./lcd.o ./timer.o ./uart.o   
Finished building target: HMI_ECU.elf
 
Invoking: AVR Create Extended Listing
avr-objdump -h -S HMI_ECU.elf  >"HMI_ECU.lss"
Finished building: HMI_ECU.lss
 
Create Flash image (ihex format)
avr-objcopy -R .eeprom -R .fuse -R .lock -R .signature -O ihex HMI_ECU.elf  "HMI_ECU.hex"
Finished building: HMI_ECU.hex
 
Invoking: Print Size
avr-size --format=avr --mcu=atmega32 HMI_ECU.elf
AVR Memory Usage
----------------
Device: atmega32

Program:   13500 bytes (41.2% Full)
(.text + .data + .bootloader)

Data:        208 bytes (10.2% Full)
(.data + .bss + .noinit)


Finished building: sizedummy
 
04:23:23 **** Incremental Build of configuration Debug for project Control_ECU ****
make all 
Building file: ../Control_App.c
Invoking: AVR Compiler
avr-gcc -Wall -g2 -gstabs -O0 -fpack-struct -fshort-enums -ffunction-sections -fdata-sections -std=gnu99 -funsigned-char -funsigned-bitfields -mmcu=atmega32 -DF_CPU=1000000UL -MMD -MP -MF"Control_App.d" -MT"Control_App.o" -c -o "Control_App.o" "../Control_App.c"
In file included from ../Control_App.c:3:
c:/winavr-20100110/lib/gcc/../../avr/include/util/delay.h:90:3: warning: #warning "Compiler optimizations disabled; functions from <util/delay.h> won't work as designed"
Finished building: ../Control_App.c
 
Building target: Control_ECU.elf
Invoking: AVR C Linker
avr-gcc -Wl,-Map,Control_ECU.map -mmcu=atmega32 -o "Control_ECU.elf"  ./Control_App.o ./PWM.o ./buzzer.o ./external_eeprom.o ./gpio.o ./lcd.o ./motor.o ./timer.o ./twi.o ./uart.o   
Finished building target: Control_ECU.elf
 
Invoking: AVR Create Extended Listing
avr-objdump -h -S Control_ECU.elf  >"Control_ECU.lss"
Finished building: Control_ECU.lss
 
Create Flash image (ihex format)
avr-objcopy -R .eeprom -R .fuse -R .lock -R .signature -O ihex Control_ECU.elf  "Control_ECU.hex"
Finished building: Control_ECU.hex
 
Invoking: Print Size
avr-size --format=avr --mcu=atmega32 Control_ECU.elf
AVR Memory Usage
----------------
Device: atmega32

Program:   13680 bytes (41.7% Full)
(.text + .data + .bootloader)

Data:        326 bytes (15.9% Full)
(.data + .bss + .noinit)


Finished building: sizedummy
 
04:23:24 **** Incremental Build of configuration Debug for project HMI_ECU ****
make all 
Building file: ../HMI_App.c
Invoking: AVR Compiler
avr-gcc -Wall -g2 -gstabs -O0 -fpack-struct -fshort-enums -ffunction-sections -fdata-sections -std=gnu99 -funsigned-char -funsigned-bitfields -mmcu=atmega32 -DF_CPU=1000000UL -MMD -MP -MF"HMI_App.d" -MT"HMI_App.o" -c -o "HMI_App.o" "../HMI_App.c"
In file included from ../HMI_App.c:3:
c:/winavr-20100110/lib/gcc/../../avr/include/util/delay.h:90:3: warning: #warning "Compiler optimizations disabled; functions from <util/delay.h> won't work as designed"
Finished building: ../HMI_App.c
 
Building target: HMI_ECU.elf
Invoking: AVR C Linker
avr-gcc -Wl,-Map,HMI_ECU.map -mmcu=atmega32 -o "HMI_ECU.elf"  ./HMI_App.o ./gpio.o ./keypad.o ./lcd.o ./timer.o ./uart.o   
Finished building target: HMI_ECU.elf
 
Invoking: AVR Create Extended Listing
avr-objdump -h -S HMI_ECU.elf  >"HMI_ECU.lss"
Finished building: HMI_ECU.lss
 
Create Flash image (ihex format)
avr-objcopy -R .eeprom -R .fuse -R .lock -R .signature -O ihex HMI_ECU.elf  "HMI_ECU.hex"
Finished building: HMI_ECU.hex
 
Invoking: Print Size
avr-size --format=avr --mcu=atmega32 HMI_ECU.elf
AVR Memory Usage
----------------
Device: atmega32

Program:   13500 bytes (41.2% Full)
(.text + .data + .bootloader)

Data:        208 bytes (10.2% Full)
(.data + .bss + .noinit)


Finished building: sizedummy
 
06:14:50 **** Incremental Build of configuration Debug for project Control_ECU ****
make all 
Building file: ../Control_App.c
Invoking: AVR Compiler
avr-gcc -Wall -g2 -gstabs -O0 -fpack-struct -fshort-enums -ffunction-sections -fdata-sections -std=gnu99 -funsigned-char -funsigned-bitfields -mmcu=atmega32 -DF_CPU=1000000UL -MMD -MP -MF"Control_App.d" -MT"Control_App.o" -c -o "Control_App.o" "../Control_App.c"
In file included from ../Control_App.c:3:
c:/winavr-20100110/lib/gcc/../../avr/include/util/delay.h:90:3: warning: #warning "Compiler optimizations disabled; functions from <util/delay.h> won't work as designed"
Finished building: ../Control_App.c
 
Building target: Control_ECU.elf
Invoking: AVR C Linker
avr-gcc -Wl,-Map,Control_ECU.map -mmcu=atmega32 -o "Control_ECU.elf"  ./Control_App.o ./PWM.o ./buzzer.o ./external_eeprom.o ./gpio.o ./lcd.o ./motor.o ./timer.o ./twi.o ./uart.o   
Finished building target: Control_ECU.elf
 
Invoking: AVR Create Extended Listing
avr-objdump -h -S Control_ECU.elf  >"Control_ECU.lss"
Finished building: Control_ECU.lss
 
Create Flash image (ihex format)
avr-objcopy -R .eeprom -R .fuse -R .lock -R .signature -O ihex Control_ECU.elf  "Control_ECU.hex"
Finished building: Control_ECU.hex
 
Invoking: Print Size
avr-size --format=avr --mcu=atmega32 Control_ECU.elf
AVR Memory Usage
----------------
Device: atmega32

Program:   13680 bytes (41.7% Full)
(.text + .data + .bootloader)

Data:        326 bytes (15.9% Full)
(.data + .bss + .noinit)


Finished building: sizedummy
 
06:14:52 **** Incremental Build of configuration Debug for project HMI_ECU ****
make all 
Building file: ../HMI_App.c
Invoking: AVR Compiler
avr-gcc -Wall -g2 -gstabs -O0 -fpack-struct -fshort-enums -ffunction-sections -fdata-sections -std=gnu99 -funsigned-char -funsigned-bitfields -mmcu=atmega32 -DF_CPU=1000000UL -MMD -MP -MF"HMI_App.d" -MT"HMI_App.o" -c -o "HMI_App.o" "../HMI_App.c"
In file included from ../HMI_App.c:3:
c:/winavr-20100110/lib/gcc/../../avr/include/util/delay.h:90:3: warning: #warning "Compiler optimizations disabled; functions from <util/delay.h> won't work as designed"
Finished building: ../HMI_App.c
 
Building target: HMI_ECU.elf
Invoking: AVR C Linker
avr-gcc -Wl,-Map,HMI_ECU.map -mmcu=atmega32 -o "HMI_ECU.elf"  ./HMI_App.o ./gpio.o ./keypad.o ./lcd.o ./timer.o ./uart.o   
Finished building target: HMI_ECU.elf
 
Invoking: AVR Create Extended Listing
avr-objdump -h -S HMI_ECU.elf  >"HMI_ECU.lss"
Finished building: HMI_ECU.lss
 
Create Flash image (ihex format)
avr-objcopy -R .eeprom -R .fuse -R .lock -R .signature -O ihex HMI_ECU.elf  "HMI_ECU.hex"
Finished building: HMI_ECU.hex
 
Invoking: Print Size
avr-size --format=avr --mcu=atmega32 HMI_ECU.elf
AVR Memory Usage
----------------
Device: atmega32

Program:   13500 bytes (41.2% Full)
(.text + .data + .bootloader)

Data:        208 bytes (10.2% Full)
(.data + .bss + .noinit)


Finished building: sizedummy
 
06:15:51 **** Incremental Build of configuration Debug for project Control_ECU ****
make all 
Building file: ../Control_App.c
Invoking: AVR Compiler
avr-gcc -Wall -g2 -gstabs -O0 -fpack-struct -fshort-enums -ffunction-sections -fdata-sections -std=gnu99 -funsigned-char -funsigned-bitfields -mmcu=atmega32 -DF_CPU=1000000UL -MMD -MP -MF"Control_App.d" -MT"Control_App.o" -c -o "Control_App.o" "../Control_App.c"
In file included from ../Control_App.c:3:
c:/winavr-20100110/lib/gcc/../../avr/include/util/delay.h:90:3: warning: #warning "Compiler optimizations disabled; functions from <util/delay.h> won't work as designed"
Finished building: ../Control_App.c
 
Building target: Control_ECU.elf
Invoking: AVR C Linker
avr-gcc -Wl,-Map,Control_ECU.map -mmcu=atmega32 -o "Control_ECU.elf"  ./Control_App.o ./PWM.o ./buzzer.o ./external_eeprom.o ./gpio.o ./lcd.o ./motor.o ./timer.o ./twi.o ./uart.o   
Finished building target: Control_ECU.elf
 
Invoking: AVR Create Extended Listing
avr-objdump -h -S Control_ECU.elf  >"Control_ECU.lss"
Finished building: Control_ECU.lss
 
Create Flash image (ihex format)
avr-objcopy -R .eeprom -R .fuse -R .lock -R .signature -O ihex Control_ECU.elf  "Control_ECU.hex"
Finished building: Control_ECU.hex
 
Invoking: Print Size
avr-size --format=avr --mcu=atmega32 Control_ECU.elf
AVR Memory Usage
----------------
Device: atmega32

Program:   13680 bytes (41.7% Full)
(.text + .data + .bootloader)

Data:        326 bytes (15.9% Full)
(.data + .bss + .noinit)


Finished building: sizedummy
 
06:15:52 **** Incremental Build of configuration Debug for project HMI_ECU ****
make all 
Invoking: Print Size
avr-size --format=avr --mcu=atmega32 HMI_ECU.elf
AVR Memory Usage
----------------
Device: atmega32

Program:   13500 bytes (41.2% Full)
(.text + .data + .bootloader)

Data:        208 bytes (10.2% Full)
(.data + .bss + .noinit)


Finished building: sizedummy
 
